#
# There is insufficient memory for the Java Runtime Environment to continue.
# Native memory allocation (malloc) failed to allocate 1048576 bytes for AllocateHeap
# Possible reasons:
#   The system is out of physical RAM or swap space
#   The process is running with CompressedOops enabled, and the Java Heap may be blocking the growth of the native heap
# Possible solutions:
#   Reduce memory load on the system
#   Increase physical memory or swap space
#   Check if swap backing store is full
#   Decrease Java heap size (-Xmx/-Xms)
#   Decrease number of Java threads
#   Decrease Java thread stack sizes (-Xss)
#   Set larger code cache with -XX:ReservedCodeCacheSize=
#   JVM is running with Unscaled Compressed Oops mode in which the Java heap is
#     placed in the first 4GB address space. The Java Heap base address is the
#     maximum limit for the native heap growth. Please use -XX:HeapBaseMinAddress
#     to set the Java Heap base and to place the Java Heap above 4GB virtual address.
# This output file may be truncated or incomplete.
#
#  Out of Memory Error (memory/allocation.inline.hpp:61), pid=968, tid=0x0000000000000e60
#
# JRE version:  (8.0_211-b12) (build )
# Java VM: Java HotSpot(TM) 64-Bit Server VM (25.211-b12 mixed mode windows-amd64 compressed oops)
# Failed to write core dump. Minidumps are not enabled by default on client versions of Windows
#

---------------  T H R E A D  ---------------

Current thread (0x0000000000dfd800):  JavaThread "Unknown thread" [_thread_in_vm, id=3680, stack(0x0000000002590000,0x0000000002690000)]

Stack: [0x0000000002590000,0x0000000002690000]
[error occurred during error reporting (printing stack bounds), id 0xc0000005]

Native frames: (J=compiled Java code, j=interpreted, Vv=VM code, C=native code)


---------------  P R O C E S S  ---------------

Java Threads: ( => current thread )

Other Threads:

=>0x0000000000dfd800 (exited) JavaThread "Unknown thread" [_thread_in_vm, id=3680, stack(0x0000000002590000,0x0000000002690000)]

VM state:not at safepoint (normal execution)

VM Mutex/Monitor currently owned by a thread: None

heap address: 0x0000000091000000, size: 1776 MB, Compressed Oops mode: 32-bit
Narrow klass base: 0x0000000000000000, Narrow klass shift: 3
Compressed class space size: 1073741824 Address: 0x0000000100000000

Heap:
 PSYoungGen      total 33280K, used 573K [0x00000000db000000, 0x00000000dd500000, 0x0000000100000000)
  eden space 28672K, 2% used [0x00000000db000000,0x00000000db08f5d0,0x00000000dcc00000)
  from space 4608K, 0% used [0x00000000dd080000,0x00000000dd080000,0x00000000dd500000)
  to   space 4608K, 0% used [0x00000000dcc00000,0x00000000dcc00000,0x00000000dd080000)
 ParOldGen       total 76800K, used 0K [0x0000000091000000, 0x0000000095b00000, 0x00000000db000000)
  object space 76800K, 0% used [0x0000000091000000,0x0000000091000000,0x0000000095b00000)
 Metaspace       used 751K, capacity 4480K, committed 4480K, reserved 1056768K
  class space    used 76K, capacity 384K, committed 384K, reserved 1048576K

Card table byte_map: [0x0000000011b50000,0x0000000011ed0000] byte_map_base: 0x00000000116c8000

Marking Bits: (ParMarkBitMap*) 0x0000000075da5ce0
 Begin Bits: [0x0000000012520000, 0x00000000140e0000)
 End Bits:   [0x00000000140e0000, 0x0000000015ca0000)

Polling page: 0x0000000000c70000

CodeCache: size=245760Kb used=327Kb max_used=327Kb free=245432Kb
 bounds [0x0000000002790000, 0x0000000002a00000, 0x0000000011790000]
 total_blobs=57 nmethods=0 adapters=38
 compilation: enabled

Compilation events (0 events):
No events

GC Heap History (0 events):
No events

Deoptimization events (0 events):
No events

Classes redefined (0 events):
No events

Internal exceptions (0 events):
No events

Events (10 events):
Event: 0.067 loading class java/lang/Short
Event: 0.068 loading class java/lang/Short done
Event: 0.068 loading class java/lang/Integer
Event: 0.068 loading class java/lang/Integer done
Event: 0.068 loading class java/lang/Long
Event: 0.068 loading class java/lang/Long done
Event: 0.070 loading class java/lang/NullPointerException
Event: 0.070 loading class java/lang/NullPointerException done
Event: 0.070 loading class java/lang/ArithmeticException
Event: 0.070 loading class java/lang/ArithmeticException done


Dynamic libraries:
0x00007ff734790000 - 0x00007ff7347c7000 	C:\Program Files\Java\jre1.8.0_211\bin\javaw.exe
0x00007fff81170000 - 0x00007fff8131d000 	C:\Windows\SYSTEM32\ntdll.dll
0x00007fff80410000 - 0x00007fff8054f000 	C:\Windows\system32\KERNEL32.DLL
0x00007fff7e6b0000 - 0x00007fff7e7c5000 	C:\Windows\system32\KERNELBASE.dll
0x00007fff7ce60000 - 0x00007fff7ceee000 	C:\Windows\system32\apphelp.dll
0x00007fff71cc0000 - 0x00007fff71d15000 	C:\Windows\AppPatch\AppPatch64\AcGenral.DLL
0x00007fff80bf0000 - 0x00007fff80c9a000 	C:\Windows\system32\msvcrt.dll
0x00007fff7e7d0000 - 0x00007fff7e7fe000 	C:\Windows\system32\SspiCli.dll
0x00007fff81110000 - 0x00007fff81164000 	C:\Windows\system32\SHLWAPI.dll
0x00007fff80e00000 - 0x00007fff80f77000 	C:\Windows\system32\USER32.dll
0x00007fff80550000 - 0x00007fff806e4000 	C:\Windows\system32\ole32.dll
0x00007fff7eb60000 - 0x00007fff8008d000 	C:\Windows\system32\SHELL32.dll
0x00007fff7d8c0000 - 0x00007fff7d8e1000 	C:\Windows\SYSTEM32\USERENV.dll
0x00007fff80090000 - 0x00007fff8013a000 	C:\Windows\system32\ADVAPI32.dll
0x00007fff71ca0000 - 0x00007fff71cbe000 	C:\Windows\SYSTEM32\MPR.dll
0x00007fff806f0000 - 0x00007fff80830000 	C:\Windows\system32\RPCRT4.dll
0x00007fff80900000 - 0x00007fff80958000 	C:\Windows\SYSTEM32\sechost.dll
0x00007fff7e800000 - 0x00007fff7ea10000 	C:\Windows\SYSTEM32\combase.dll
0x00007fff80f80000 - 0x00007fff810cd000 	C:\Windows\system32\GDI32.dll
0x00007fff7e2a0000 - 0x00007fff7e2b5000 	C:\Windows\SYSTEM32\profapi.dll
0x00007fff7c7f0000 - 0x00007fff7c8a2000 	C:\Windows\SYSTEM32\SHCORE.dll
0x00007fff810d0000 - 0x00007fff81106000 	C:\Windows\system32\IMM32.DLL
0x00007fff80ca0000 - 0x00007fff80df1000 	C:\Windows\system32\MSCTF.dll
0x00007fff7bd60000 - 0x00007fff7bfdb000 	C:\Windows\WinSxS\amd64_microsoft.windows.common-controls_6595b64144ccf1df_6.0.9600.19394_none_62486577ecb635cf\COMCTL32.dll
0x0000000075300000 - 0x00000000753d2000 	C:\Program Files\Java\jre1.8.0_211\bin\msvcr100.dll
0x0000000075580000 - 0x0000000075e25000 	C:\Program Files\Java\jre1.8.0_211\bin\server\jvm.dll
0x00007fff779b0000 - 0x00007fff779b9000 	C:\Windows\SYSTEM32\WSOCK32.dll
0x00007fff79070000 - 0x00007fff79092000 	C:\Windows\SYSTEM32\WINMM.dll
0x00007fff7bb70000 - 0x00007fff7bb7a000 	C:\Windows\SYSTEM32\VERSION.dll
0x00007fff809c0000 - 0x00007fff809c7000 	C:\Windows\system32\PSAPI.DLL
0x00007fff80b90000 - 0x00007fff80bea000 	C:\Windows\system32\WS2_32.dll
0x00007fff78eb0000 - 0x00007fff78eda000 	C:\Windows\SYSTEM32\WINMMBASE.dll
0x00007fff7eb40000 - 0x00007fff7eb49000 	C:\Windows\system32\NSI.dll
0x00007fff7e660000 - 0x00007fff7e6af000 	C:\Windows\SYSTEM32\cfgmgr32.dll
0x00007fff7d0e0000 - 0x00007fff7d108000 	C:\Windows\SYSTEM32\DEVOBJ.dll
0x00007fff7c450000 - 0x00007fff7c45f000 	C:\Program Files\Java\jre1.8.0_211\bin\verify.dll
0x00007fff68cc0000 - 0x00007fff68ce9000 	C:\Program Files\Java\jre1.8.0_211\bin\java.dll
0x00007fff6c3d0000 - 0x00007fff6c3e6000 	C:\Program Files\Java\jre1.8.0_211\bin\zip.dll

VM Arguments:
jvm_args: -Dfile.encoding=Cp1252 
java_command: vendorfashion
java_class_path (initial): C:\Users\ANKIT\eclipse-workspace\Avendorz\bin;C:\Users\ANKIT\Downloads\All Driver\client-combined-3.141.59.jar;C:\Users\ANKIT\Downloads\All Driver\client-combined-3.141.59-sources.jar;C:\Users\ANKIT\Downloads\All Driver\libs\byte-buddy-1.8.15.jar;C:\Users\ANKIT\Downloads\All Driver\libs\commons-exec-1.3.jar;C:\Users\ANKIT\Downloads\All Driver\libs\guava-25.0-jre.jar;C:\Users\ANKIT\Downloads\All Driver\libs\okhttp-3.11.0.jar;C:\Users\ANKIT\Downloads\All Driver\libs\okio-1.14.0.jar
Launcher Type: SUN_STANDARD

Environment Variables:
JAVA_HOME=C:\Program Files\Java\jdk1.8.0_211
PATH=C:/Program Files/Java/jre1.8.0_211/bin/server;C:/Program Files/Java/jre1.8.0_211/bin;C:/Program Files/Java/jre1.8.0_211/lib/amd64;C:\oraclexe\app\oracle\product\11.2.0\server\bin;;C:\Program Files (x86)\Common Files\Oracle\Java\javapath;C:\Windows\system32;C:\Windows;C:\Windows\System32\Wbem;C:\Windows\System32\WindowsPowerShell\v1.0\;C:\Program Files\Hewlett-Packard\SimplePass\;c:\Program Files (x86)\ATI Technologies\ATI.ACE\Core-Static\;C:\Program Files\Java\jdk1.8.0_211\bin;C:\Program Files\Java\jre1.8.0_211\bin;C:\Program Files\nodejs\;C:\Users\ANKIT\AppData\Roaming\npm;C:\Windows\System32;
USERNAME=ANKIT
OS=Windows_NT
PROCESSOR_IDENTIFIER=AMD64 Family 22 Model 48 Stepping 1, AuthenticAMD



---------------  S Y S T E M  ---------------

OS: Windows 8.1 , 64 bit Build 9600 (6.3.9600.19719)

CPU:total 4 (initial active 4) (4 cores per cpu, 1 threads per core) family 22 model 48 stepping 1, cmov, cx8, fxsr, mmx, sse, sse2, sse3, ssse3, sse4.1, sse4.2, popcnt, avx, aes, clmul, mmxext, 3dnowpref, lzcnt, sse4a, tsc, tscinvbit, tscinv, bmi1

Memory: 4k page, physical 7273616k(2071684k free), swap 29293712k(4936k free)

vm_info: Java HotSpot(TM) 64-Bit Server VM (25.211-b12) for windows-amd64 JRE (1.8.0_211-b12), built on Apr  1 2019 20:53:26 by "java_re" with MS VC++ 10.0 (VS2010)

time: Tue Aug 11 23:15:48 2020
timezone: India Standard Time
elapsed time: 0 seconds (0d 0h 0m 0s)

